** Daemonized, any open files are closed.  Look at /Users/stefan/workspace/palani/tmp/pids/mongrel_selenium.pid and log/mongrel.log for info.
** Starting Mongrel listening at 0.0.0.0:3001
** Starting Rails with test environment...
=> Mixing in Lockdown version: 1.2.0 
=> Requiring Lockdown rules engine: /Users/stefan/workspace/palani/lib/lockdown/init.rb 
** Rails loaded.
** Loading any Rails specific GemPlugins
** Signals ready.  TERM => stop.  USR2 => restart.  INT => stop (no restart).
** Rails signals registered.  HUP => reload (without restart).  It might not work well.
** Mongrel 1.1.5 available at 0.0.0.0:3001
** Writing PID file to /Users/stefan/workspace/palani/tmp/pids/mongrel_selenium.pid
** TERM signal received.
** Daemonized, any open files are closed.  Look at /Users/stefan/workspace/palani/tmp/pids/mongrel_selenium.pid and log/mongrel.log for info.
** Starting Mongrel listening at 0.0.0.0:3001
** Starting Rails with test environment...
=> Mixing in Lockdown version: 1.2.0 
=> Requiring Lockdown rules engine: /Users/stefan/workspace/palani/lib/lockdown/init.rb 
** Rails loaded.
** Loading any Rails specific GemPlugins
** Signals ready.  TERM => stop.  USR2 => restart.  INT => stop (no restart).
** Rails signals registered.  HUP => reload (without restart).  It might not work well.
** Mongrel 1.1.5 available at 0.0.0.0:3001
** Writing PID file to /Users/stefan/workspace/palani/tmp/pids/mongrel_selenium.pid
** TERM signal received.
** Daemonized, any open files are closed.  Look at /Users/stefan/workspace/palani/tmp/pids/mongrel_selenium.pid and log/mongrel.log for info.
** Starting Mongrel listening at 0.0.0.0:3001
** Starting Rails with test environment...
=> Mixing in Lockdown version: 1.3.1 
=> Requiring Lockdown rules engine: /Users/stefan/workspace/palani/lib/lockdown/init.rb 
** Rails loaded.
** Loading any Rails specific GemPlugins
** Signals ready.  TERM => stop.  USR2 => restart.  INT => stop (no restart).
** Rails signals registered.  HUP => reload (without restart).  It might not work well.
** Mongrel 1.1.5 available at 0.0.0.0:3001
** Writing PID file to /Users/stefan/workspace/palani/tmp/pids/mongrel_selenium.pid
--- !map:HashWithIndifferentAccess 
action: index
controller: admin/help
** TERM signal received.
